#
# A fatal error has been detected by the Java Runtime Environment:
#
#  EXCEPTION_ACCESS_VIOLATION (0xc0000005) at pc=0x0000021b2dbe34ac, pid=1848, tid=18740
#
# JRE version: Java(TM) SE Runtime Environment (20.0.2+9) (build 20.0.2+9-78)
# Java VM: Java HotSpot(TM) 64-Bit Server VM (20.0.2+9-78, mixed mode, emulated-client, sharing, tiered, compressed oops, compressed class ptrs, g1 gc, windows-amd64)
# Problematic frame:
# v  ~BufferBlob::MethodHandles adapters 0x0000021b2dbe34ac
#
# No core dump will be written. Minidumps are not enabled by default on client versions of Windows
#
# If you would like to submit a bug report, please visit:
#   https://bugreport.java.com/bugreport/crash.jsp
#

---------------  S U M M A R Y ------------

Command Line: -XX:+ShowCodeDetailsInExceptionMessages -agentlib:jdwp=transport=dt_socket,suspend=y,address=localhost:50493 -Dcom.sun.management.jmxremote -Dcom.sun.management.jmxremote.port=50492 -Dcom.sun.management.jmxremote.authenticate=false -Dcom.sun.management.jmxremote.ssl=false -Djava.rmi.server.hostname=localhost -Dspring.jmx.enabled=true -Dmanagement.endpoints.jmx.exposure.include=* -Dspring.application.admin.enabled=true -XX:TieredStopAtLevel=1 -Dspring.boot.project.name=data-jpa -javaagent:D:\FCIS\Java\Tools\sts-4.20.0.RELEASE\configuration\org.eclipse.osgi\262\0\.cp\lib\javaagent-shaded.jar -Dfile.encoding=UTF-8 -Dstdout.encoding=UTF-8 -Dstderr.encoding=UTF-8 com.global.hr.data.DataInitializerApplication --spring.output.ansi.enabled=always

Host: Intel(R) Core(TM) i5-10500H CPU @ 2.50GHz, 12 cores, 7G,  Windows 11 , 64 bit Build 22621 (10.0.22621.2428)
Time: Tue Oct 24 11:30:34 2023 Egypt Daylight Time elapsed time: 1776.677994 seconds (0d 0h 29m 36s)

---------------  T H R E A D  ---------------

Current thread (0x0000021b7ea56ed0):  JavaThread "restartedMain" [_thread_in_Java, id=18740, stack(0x000000d5f2100000,0x000000d5f2200000)]

Stack: [0x000000d5f2100000,0x000000d5f2200000],  sp=0x000000d5f21fe058,  free space=1016k
Native frames: (J=compiled Java code, j=interpreted, Vv=VM code, C=native code)
C  0x0000021b2dbe34ac


siginfo: EXCEPTION_ACCESS_VIOLATION (0xc0000005), reading address 0xffffffffffffffff


Registers:
RAX=0x0000021b2dbae6ca, RBX=0x876fead000000000, RCX=0x000000d5f21fe060, RDX=0x0000000000000002
RSP=0x000000d5f21fe058, RBP=0x000000d5f21fe0a8, RSI=0x0000021b7ec2b608, RDI=0x0000021b7d0ad950
R8 =0x0000000000000004, R9 =0x0000000000000004, R10=0x00007ffb5c3c7ae0, R11=0x0000021b368b8e90
R12=0x0000000000000000, R13=0x000000d5f21fe058, R14=0x000000d5f21fe0c8, R15=0x0000021b7ea56ed0
RIP=0x0000021b2dbe34ac, EFLAGS=0x0000000000010202


Register to memory mapping:

RIP=0x0000021b2dbe34ac is at begin+68 in a stub
MethodHandle::interpreter_entry::_linkToSpecial [0x0000021b2dbe3468, 0x0000021b2dbe34b7] (79 bytes)
RAX=0x0000021b2dbae6ca is at code_begin+3018 in an Interpreter codelet
return entry points  [0x0000021b2dbadb00, 0x0000021b2dbaf888]  7560 bytes
RBX=0x876fead000000000 is an unknown value
RCX=0x000000d5f21fe060 is pointing into the stack for thread: 0x0000021b7ea56ed0
RDX=0x0000000000000002 is an unknown value
RSP=0x000000d5f21fe058 is pointing into the stack for thread: 0x0000021b7ea56ed0
RBP=0x000000d5f21fe0a8 is pointing into the stack for thread: 0x0000021b7ea56ed0
RSI=0x0000021b7ec2b608 points into unknown readable memory: 0x8000246f8b6db754 | 54 b7 6d 8b 6f 24 00 80
RDI=0x0000021b7d0ad950 points into unknown readable memory: 0x0000001800000070 | 70 00 00 00 18 00 00 00
R8 =0x0000000000000004 is an unknown value
R9 =0x0000000000000004 is an unknown value
R10=0x00007ffb5c3c7ae0 jvm.dll
R11={method} {0x0000021b368b8e98} 'newInvokeSpecial' '(Ljava/lang/Object;)Ljava/lang/Object;' in 'java/lang/invoke/DirectMethodHandle$Holder'
R12=0x0 is NULL
R13=0x000000d5f21fe058 is pointing into the stack for thread: 0x0000021b7ea56ed0
R14=0x000000d5f21fe0c8 is pointing into the stack for thread: 0x0000021b7ea56ed0
R15=0x0000021b7ea56ed0 is a thread


Top of Stack: (sp=0x000000d5f21fe058)
0x000000d5f21fe058:   0000021b2dbae6ca 000000d5f21fe060
0x000000d5f21fe068:   0000021b36f245b7 000000d5f21fe0c8
0x000000d5f21fe078:   0000021b368b4350 000000d5f21fe440
0x000000d5f21fe088:   0000000083c676b0 0000021b368b8e90
0x000000d5f21fe098:   000000d5f21fe058 000000d5f21fe0d0
0x000000d5f21fe0a8:   000000d5f21fe440 0000021b2df32475
0x000000d5f21fe0b8:   00000000876fe9d8 00000000876fea80
0x000000d5f21fe0c8:   00000000876fea38 00000000876fe7e8
0x000000d5f21fe0d8:   0000000000000002 000000d5f21fe440
0x000000d5f21fe0e8:   0000021b2e4b07ec 0000021b2e0d5184
0x000000d5f21fe0f8:   000000d5f21fd800 00000000854d5b10
0x000000d5f21fe108:   000000019e9956c1 0000000083f2fad8
0x000000d5f21fe118:   000000008406abb8 00000000854d60b8
0x000000d5f21fe128:   00000000854d5bd8 00007ffb5bc598a2
0x000000d5f21fe138:   000000d5f21fd800 0000021b2e694224
0x000000d5f21fe148:   0000000083c34c98 00000000855415c8
0x000000d5f21fe158:   00000000876fe6a0 00000000876fe6a0
0x000000d5f21fe168:   00000000876fe7e8 00000000876fea68
0x000000d5f21fe178:   00000000876fe840 00000000855415c8
0x000000d5f21fe188:   0000000000000001 000000d5f21fe440
0x000000d5f21fe198:   0000000000000000 0000000000000000
0x000000d5f21fe1a8:   0000000000000000 00000000876fea38
0x000000d5f21fe1b8:   0000021b2df2f83c 0000000000000000
0x000000d5f21fe1c8:   0000000000000000 0000000000000000
0x000000d5f21fe1d8:   000000d5f21fd800 0000021b7ea56ed0
0x000000d5f21fe1e8:   0000000000000000 00000000876fe7e8
0x000000d5f21fe1f8:   0000000000000000 00000000876fe6a0
0x000000d5f21fe208:   00000000876fea68 00000000876fe7e8
0x000000d5f21fe218:   0000000000000000 000000008532b400
0x000000d5f21fe228:   0000021b2df31afc 000000d5f21fe440
0x000000d5f21fe238:   0000021b2df2c194 0000000000000000
0x000000d5f21fe248:   0000021b2de9af89 0000021b7ea56ed0 

Instructions: (pc=0x0000021b2dbe34ac)
0x0000021b2dbe33ac:   8b 59 14 8b 5b 28 8b 5b 24 48 8b 5b 10 48 85 db
0x0000021b2dbe33bc:   0f 84 10 00 00 00 41 80 bf 08 05 00 00 00 74 03
0x0000021b2dbe33cc:   ff 63 38 ff 63 50 e9 a9 16 00 00 66 0f 1f 84 00
0x0000021b2dbe33dc:   00 00 00 00 48 8b 53 08 0f b7 52 2c 48 8b 0c d4
0x0000021b2dbe33ec:   58 5b 50 44 8b 51 08 49 bb 00 00 80 36 1b 02 00
0x0000021b2dbe33fc:   00 4d 03 d3 4c 8b 5b 10 4b 8b 9c da c0 01 00 00
0x0000021b2dbe340c:   48 85 db 0f 84 10 00 00 00 41 80 bf 08 05 00 00
0x0000021b2dbe341c:   00 74 03 ff 63 38 ff 63 50 e9 56 16 00 00 66 66
0x0000021b2dbe342c:   66 0f 1f 84 00 00 00 00 00 66 66 66 90 0f 1f 80
0x0000021b2dbe343c:   00 00 00 00 58 5b 50 8b 5b 24 48 8b 5b 10 48 85
0x0000021b2dbe344c:   db 0f 84 10 00 00 00 41 80 bf 08 05 00 00 00 74
0x0000021b2dbe345c:   03 ff 63 38 ff 63 50 e9 18 16 00 00 66 66 66 0f
0x0000021b2dbe346c:   1f 84 00 00 00 00 00 66 66 66 90 66 0f 1f 84 00
0x0000021b2dbe347c:   00 00 00 00 48 8b 53 08 0f b7 52 2c 48 8b 0c d4
0x0000021b2dbe348c:   58 5b 50 48 3b 01 8b 5b 24 48 8b 5b 10 48 85 db
0x0000021b2dbe349c:   0f 84 10 00 00 00 41 80 bf 08 05 00 00 00 74 03
0x0000021b2dbe34ac:   ff 63 38 ff 63 50 e9 c9 15 00 00 66 0f 1f 84 00
0x0000021b2dbe34bc:   00 00 00 00 48 8b 53 08 0f b7 52 2c 48 8b 0c d4
0x0000021b2dbe34cc:   58 5b 50 44 8b 51 08 49 bb 00 00 80 36 1b 02 00
0x0000021b2dbe34dc:   00 4d 03 d3 8b 43 18 48 8b 40 10 48 8b 5b 10 45
0x0000021b2dbe34ec:   8b 9a a0 00 00 00 4f 8d 9c da c0 01 00 00 4d 8d
0x0000021b2dbe34fc:   14 da 49 8b 1b 48 3b c3 74 15 48 85 db 0f 84 32
0x0000021b2dbe350c:   00 00 00 49 83 c3 10 49 8b 1b 48 3b c3 75 eb 45
0x0000021b2dbe351c:   8b 5b 08 4b 8b 1c 1a 48 85 db 0f 84 10 00 00 00
0x0000021b2dbe352c:   41 80 bf 08 05 00 00 00 74 03 ff 63 38 ff 63 50
0x0000021b2dbe353c:   e9 3f 15 00 00 e9 3a 12 00 00 f4 00 00 00 00 00
0x0000021b2dbe354c:   00 00 00 00 00 00 00 00 00 00 00 00 00 00 00 00
0x0000021b2dbe355c:   00 00 00 00 00 00 00 00 00 00 00 00 00 00 00 00
0x0000021b2dbe356c:   00 00 00 00 00 00 00 00 00 00 00 00 00 00 00 00
0x0000021b2dbe357c:   00 00 00 00 00 00 00 00 00 00 00 00 00 00 00 00
0x0000021b2dbe358c:   00 00 00 00 00 00 00 00 00 00 00 00 00 00 00 00
0x0000021b2dbe359c:   00 00 00 00 00 00 00 00 00 00 00 00 00 00 00 00 


Stack slot to memory mapping:
stack at sp + 0 slots: 0x0000021b2dbae6ca is at code_begin+3018 in an Interpreter codelet
return entry points  [0x0000021b2dbadb00, 0x0000021b2dbaf888]  7560 bytes
stack at sp + 1 slots: 0x000000d5f21fe060 is pointing into the stack for thread: 0x0000021b7ea56ed0
stack at sp + 2 slots: 0x0000021b36f245b7 is pointing into metadata
stack at sp + 3 slots: 0x000000d5f21fe0c8 is pointing into the stack for thread: 0x0000021b7ea56ed0
stack at sp + 4 slots: 0x0000021b368b4350 is pointing into metadata
stack at sp + 5 slots: 0x000000d5f21fe440 is pointing into the stack for thread: 0x0000021b7ea56ed0
stack at sp + 6 slots: 0x0000000083c676b0 is an oop: java.lang.Class 
{0x0000000083c676b0} - klass: 'java/lang/Class'
 - ---- fields (total size 14 words):
 - private volatile transient 'classRedefinedCount' 'I' @12  0 (0x00000000)
 - abstract internal 'klass' 'J' @16  2315902467880 (0x0000021b368b3f28)
 - abstract internal 'array_klass' 'J' @24  0 (0x0000000000000000)
 - abstract internal 'oop_size' 'I' @32  14 (0x0000000e)
 - abstract internal 'static_oop_field_count' 'I' @36  0 (0x00000000)
 - private volatile transient 'cachedConstructor' 'Ljava/lang/reflect/Constructor;' @40  NULL (0x00000000)
 - private transient 'name' 'Ljava/lang/String;' @44  NULL (0x00000000)
 - private transient 'module' 'Ljava/lang/Module;' @48  a 'java/lang/Module'{0x0000000083c4def0} (0x83c4def0)
 - private final 'classLoader' 'Ljava/lang/ClassLoader;' @52  NULL (0x00000000)
 - private transient 'classData' 'Ljava/lang/Object;' @56  NULL (0x00000000)
 - private transient 'packageName' 'Ljava/lang/String;' @60  NULL (0x00000000)
 - private final 'componentType' 'Ljava/lang/Class;' @64  NULL (0x00000000)
 - private volatile transient 'reflectionData' 'Ljava/lang/ref/SoftReference;' @68  NULL (0x00000000)
 - private volatile transient 'genericInfo' 'Lsun/reflect/generics/repository/ClassRepository;' @72  NULL (0x00000000)
 - private volatile transient 'enumConstants' '[Ljava/lang/Object;' @76  NULL (0x00000000)
 - private volatile transient 'enumConstantDirectory' 'Ljava/util/Map;' @80  NULL (0x00000000)
 - private volatile transient 'annotationData' 'Ljava/lang/Class$AnnotationData;' @84  NULL (0x00000000)
 - private volatile transient 'annotationType' 'Lsun/reflect/annotation/AnnotationType;' @88  NULL (0x00000000)
 - transient 'classValueMap' 'Ljava/lang/ClassValue$ClassValueMap;' @92  NULL (0x00000000)
 - abstract internal 'protection_domain' 'Ljava/lang/Object;' @96  NULL (0x00000000)
 - abstract internal 'signers_name' 'Ljava/lang/Object;' @100  NULL (0x00000000)
 - abstract internal 'source_file' 'Ljava/lang/Object;' @104  NULL (0x00000000)
 - signature: Ljava/lang/invoke/DirectMethodHandle$Holder;
 - ---- static fields (0):
stack at sp + 7 slots: {method} {0x0000021b368b8e98} 'newInvokeSpecial' '(Ljava/lang/Object;)Ljava/lang/Object;' in 'java/lang/invoke/DirectMethodHandle$Holder'

MethodHandle::interpreter_entry::_linkToSpecial [0x0000021b2dbe3468, 0x0000021b2dbe34b7] (79 bytes)
[MachCode]
  0x0000021b2dbe3468: 6666 660f | 1f84 0000 | 0000 0066 | 6666 9066 | 0f1f 8400 | 0000 0000 | 488b 5308 | 0fb7 522c 
  0x0000021b2dbe3488: 488b 0cd4 | 585b 5048 | 3b01 8b5b | 2448 8b5b | 1048 85db | 0f84 1000 | 0000 4180 | bf08 0500 
  0x0000021b2dbe34a8: 0000 7403 | ff63 38ff | 6350 e9c9 | 
[/MachCode]

---------------  P R O C E S S  ---------------

Threads class SMR info:
_java_thread_list=0x0000021b7c9da740, length=27, elements={
0x0000021b35da2570, 0x0000021b35da3cb0, 0x0000021b35da5f10, 0x0000021b35da6d10,
0x0000021b35dab580, 0x0000021b35db1250, 0x0000021b35db6e50, 0x0000021b7b8d6e50,
0x0000021b7b95a950, 0x0000021b7b94ec50, 0x0000021b7b962fe0, 0x0000021b7b8d6900,
0x0000021b7b8d9380, 0x0000021b7b8d73a0, 0x0000021b7b8d5e60, 0x0000021b7b8d88e0,
0x0000021b7cb595d0, 0x0000021b7cb5c050, 0x0000021b7cb57b40, 0x0000021b7cb58090,
0x0000021b7ea54ef0, 0x0000021b7ea55990, 0x0000021b7ea56ed0, 0x0000021b7ea55ee0,
0x0000021b7ea56430, 0x0000021b7ea54450, 0x0000021b7ea56980
}

Java Threads: ( => current thread )
  0x0000021b35da2570 JavaThread "Reference Handler" daemon [_thread_blocked, id=16556, stack(0x000000d5f2900000,0x000000d5f2a00000)]
  0x0000021b35da3cb0 JavaThread "Finalizer" daemon [_thread_blocked, id=15416, stack(0x000000d5f2a00000,0x000000d5f2b00000)]
  0x0000021b35da5f10 JavaThread "Signal Dispatcher" daemon [_thread_blocked, id=13352, stack(0x000000d5f2b00000,0x000000d5f2c00000)]
  0x0000021b35da6d10 JavaThread "Attach Listener" daemon [_thread_blocked, id=828, stack(0x000000d5f2c00000,0x000000d5f2d00000)]
  0x0000021b35dab580 JavaThread "Service Thread" daemon [_thread_blocked, id=9312, stack(0x000000d5f2d00000,0x000000d5f2e00000)]
  0x0000021b35db1250 JavaThread "Monitor Deflation Thread" daemon [_thread_blocked, id=2560, stack(0x000000d5f2e00000,0x000000d5f2f00000)]
  0x0000021b35db6e50 JavaThread "C1 CompilerThread0" daemon [_thread_blocked, id=13812, stack(0x000000d5f2f00000,0x000000d5f3000000)]
  0x0000021b7b8d6e50 JavaThread "Common-Cleaner" daemon [_thread_blocked, id=14724, stack(0x000000d5f3000000,0x000000d5f3100000)]
  0x0000021b7b95a950 JavaThread "JDWP Transport Listener: dt_socket" daemon [_thread_blocked, id=17796, stack(0x000000d5f3300000,0x000000d5f3400000)]
  0x0000021b7b94ec50 JavaThread "JDWP Event Helper Thread" daemon [_thread_blocked, id=13768, stack(0x000000d5f3400000,0x000000d5f3500000)]
  0x0000021b7b962fe0 JavaThread "JDWP Command Reader" daemon [_thread_blocked, id=7892, stack(0x000000d5f3500000,0x000000d5f3600000)]
  0x0000021b7b8d6900 JavaThread "Notification Thread" daemon [_thread_blocked, id=17556, stack(0x000000d5f3600000,0x000000d5f3700000)]
  0x0000021b7b8d9380 JavaThread "RMI TCP Accept-0" daemon [_thread_in_native, id=23016, stack(0x000000d5f3700000,0x000000d5f3800000)]
  0x0000021b7b8d73a0 JavaThread "RMI TCP Accept-50492" daemon [_thread_in_native, id=15924, stack(0x000000d5f3800000,0x000000d5f3900000)]
  0x0000021b7b8d5e60 JavaThread "RMI TCP Accept-0" daemon [_thread_in_native, id=13688, stack(0x000000d5f3900000,0x000000d5f3a00000)]
  0x0000021b7b8d88e0 JavaThread "RMI Scheduler(0)" daemon [_thread_blocked, id=12656, stack(0x000000d5f4800000,0x000000d5f4900000)]
  0x0000021b7cb595d0 JavaThread "RMI TCP Connection(idle)" daemon [_thread_blocked, id=11320, stack(0x000000d5f4900000,0x000000d5f4a00000)]
  0x0000021b7cb5c050 JavaThread "JMX server connection timeout 45" daemon [_thread_blocked, id=5344, stack(0x000000d5f4a00000,0x000000d5f4b00000)]
  0x0000021b7cb57b40 JavaThread "mysql-cj-abandoned-connection-cleanup" daemon [_thread_blocked, id=13928, stack(0x000000d5f4600000,0x000000d5f4700000)]
  0x0000021b7cb58090 JavaThread "Live Reload Server" daemon [_thread_in_native, id=11040, stack(0x000000d5f5500000,0x000000d5f5600000)]
  0x0000021b7ea54ef0 JavaThread "DestroyJavaVM" [_thread_blocked, id=17636, stack(0x000000d5f2200000,0x000000d5f2300000)]
  0x0000021b7ea55990 JavaThread "Thread-5" [_thread_blocked, id=11984, stack(0x000000d5f1f00000,0x000000d5f2000000)]
=>0x0000021b7ea56ed0 JavaThread "restartedMain" [_thread_in_Java, id=18740, stack(0x000000d5f2100000,0x000000d5f2200000)]
  0x0000021b7ea55ee0 JavaThread "HikariPool-2 housekeeper" daemon [_thread_blocked, id=18920, stack(0x000000d5f3200000,0x000000d5f3300000)]
  0x0000021b7ea56430 JavaThread "Catalina-utility-1" [_thread_blocked, id=5200, stack(0x000000d5f4400000,0x000000d5f4500000)]
  0x0000021b7ea54450 JavaThread "Catalina-utility-2" [_thread_blocked, id=19484, stack(0x000000d5f4500000,0x000000d5f4600000)]
  0x0000021b7ea56980 JavaThread "container-0" [_thread_blocked, id=9276, stack(0x000000d5f4700000,0x000000d5f4800000)]

Other Threads:
  0x0000021b35d813c0 VMThread "VM Thread" [stack: 0x000000d5f2800000,0x000000d5f2900000] [id=14184] _threads_hazard_ptr=0x0000021b7c9da740
  0x0000021b7c287ca0 WatcherThread "VM Periodic Task Thread" [stack: 0x000000d5f3a00000,0x000000d5f3b00000] [id=14440]
  0x0000021b25b2c2f0 WorkerThread "GC Thread#0" [stack: 0x000000d5f2300000,0x000000d5f2400000] [id=1704]
  0x0000021b7c372bd0 WorkerThread "GC Thread#1" [stack: 0x000000d5f3b00000,0x000000d5f3c00000] [id=2708]
  0x0000021b7c372ea0 WorkerThread "GC Thread#2" [stack: 0x000000d5f3c00000,0x000000d5f3d00000] [id=19240]
  0x0000021b7c435370 WorkerThread "GC Thread#3" [stack: 0x000000d5f3d00000,0x000000d5f3e00000] [id=20340]
  0x0000021b7c436450 WorkerThread "GC Thread#4" [stack: 0x000000d5f3e00000,0x000000d5f3f00000] [id=17656]
  0x0000021b7c435be0 WorkerThread "GC Thread#5" [stack: 0x000000d5f3f00000,0x000000d5f4000000] [id=12144]
  0x0000021b7c436720 WorkerThread "GC Thread#6" [stack: 0x000000d5f4000000,0x000000d5f4100000] [id=13032]
  0x0000021b7c435640 WorkerThread "GC Thread#7" [stack: 0x000000d5f4100000,0x000000d5f4200000] [id=14144]
  0x0000021b7c435910 WorkerThread "GC Thread#8" [stack: 0x000000d5f4200000,0x000000d5f4300000] [id=11796]
  0x0000021b7c436f90 WorkerThread "GC Thread#9" [stack: 0x000000d5f4300000,0x000000d5f4400000] [id=22376]
  0x0000021b25b3d350 ConcurrentGCThread "G1 Main Marker" [stack: 0x000000d5f2400000,0x000000d5f2500000] [id=9000]
  0x0000021b25b3dc90 WorkerThread "G1 Conc#0" [stack: 0x000000d5f2500000,0x000000d5f2600000] [id=2908]
  0x0000021b7c436180 WorkerThread "G1 Conc#1" [stack: 0x000000d5f4c00000,0x000000d5f4d00000] [id=13048]
  0x0000021b7c4369f0 WorkerThread "G1 Conc#2" [stack: 0x000000d5f4d00000,0x000000d5f4e00000] [id=12636]
  0x0000021b25b7c5b0 ConcurrentGCThread "G1 Refine#0" [stack: 0x000000d5f2600000,0x000000d5f2700000] [id=15180]
  0x0000021b25b7cf60 ConcurrentGCThread "G1 Service" [stack: 0x000000d5f2700000,0x000000d5f2800000] [id=5244]

Threads with active compile tasks:

VM state: synchronizing (normal execution)

VM Mutex/Monitor currently owned by a thread:  ([mutex/lock_event])
[0x0000021b25acc6c0] Threads_lock - owner thread: 0x0000021b35d813c0

Heap address: 0x0000000083800000, size: 1992 MB, Compressed Oops mode: 32-bit

CDS archive(s) mapped at: [0x0000021b36800000-0x0000021b37460000-0x0000021b37460000), size 12976128, SharedBaseAddress: 0x0000021b36800000, ArchiveRelocationMode: 1.
Compressed class space mapped at: 0x0000021b37800000-0x0000021b77800000, reserved size: 1073741824
Narrow klass base: 0x0000021b36800000, Narrow klass shift: 0, Narrow klass range: 0x100000000

GC Precious Log:
 CardTable entry size: 512
 Card Set container configuration: InlinePtr #cards 5 size 8 Array Of Cards #cards 12 size 40 Howl #buckets 4 coarsen threshold 1843 Howl Bitmap #cards 512 size 80 coarsen threshold 460 Card regions per heap region 1 cards per card region 2048
 CPUs: 12 total, 12 available
 Memory: 7967M
 Large Page Support: Disabled
 NUMA Support: Disabled
 Compressed Oops: Enabled (32-bit)
 Heap Region Size: 1M
 Heap Min Capacity: 8M
 Heap Initial Capacity: 126M
 Heap Max Capacity: 1992M
 Pre-touch: Disabled
 Parallel Workers: 10
 Concurrent Workers: 3
 Concurrent Refinement Workers: 10
 Periodic GC: Disabled

Heap:
 garbage-first heap   total 78848K, used 42918K [0x0000000083800000, 0x0000000100000000)
  region size 1024K, 22 young (22528K), 6 survivors (6144K)
 Metaspace       used 65396K, committed 66240K, reserved 1114112K
  class space    used 9238K, committed 9600K, reserved 1048576K

Heap Regions: E=young(eden), S=young(survivor), O=old, HS=humongous(starts), HC=humongous(continues), CS=collection set, F=free, OA=open archive, CA=closed archive, TAMS=top-at-mark-start, PB=parsable bottom
|   0|0x0000000083800000, 0x0000000083900000, 0x0000000083900000|100%|HS|  |TAMS 0x0000000083800000| PB 0x0000000083800000| Complete 
|   1|0x0000000083900000, 0x00000000839ffff8, 0x0000000083a00000| 99%| O|  |TAMS 0x0000000083900000| PB 0x0000000083900000| Untracked 
|   2|0x0000000083a00000, 0x0000000083b00000, 0x0000000083b00000|100%| O|  |TAMS 0x0000000083a00000| PB 0x0000000083a00000| Untracked 
|   3|0x0000000083b00000, 0x0000000083c00000, 0x0000000083c00000|100%| O|  |TAMS 0x0000000083b00000| PB 0x0000000083b00000| Untracked 
|   4|0x0000000083c00000, 0x0000000083cfffe8, 0x0000000083d00000| 99%| O|  |TAMS 0x0000000083c00000| PB 0x0000000083c00000| Untracked 
|   5|0x0000000083d00000, 0x0000000083dfffc0, 0x0000000083e00000| 99%| O|  |TAMS 0x0000000083d00000| PB 0x0000000083d00000| Untracked 
|   6|0x0000000083e00000, 0x0000000083efffc8, 0x0000000083f00000| 99%| O|  |TAMS 0x0000000083e00000| PB 0x0000000083e00000| Untracked 
|   7|0x0000000083f00000, 0x0000000083fffff8, 0x0000000084000000| 99%| O|  |TAMS 0x0000000083f00000| PB 0x0000000083f00000| Untracked 
|   8|0x0000000084000000, 0x00000000840fffe0, 0x0000000084100000| 99%| O|  |TAMS 0x0000000084000000| PB 0x0000000084000000| Untracked 
|   9|0x0000000084100000, 0x00000000841ffff0, 0x0000000084200000| 99%| O|  |TAMS 0x0000000084100000| PB 0x0000000084100000| Untracked 
|  10|0x0000000084200000, 0x00000000842f6820, 0x0000000084300000| 96%| O|  |TAMS 0x0000000084200000| PB 0x0000000084200000| Untracked 
|  11|0x0000000084300000, 0x00000000843fffe8, 0x0000000084400000| 99%| O|  |TAMS 0x0000000084300000| PB 0x0000000084300000| Untracked 
|  12|0x0000000084400000, 0x00000000844fffd8, 0x0000000084500000| 99%| O|  |TAMS 0x0000000084400000| PB 0x0000000084400000| Untracked 
|  13|0x0000000084500000, 0x0000000084600000, 0x0000000084600000|100%| O|  |TAMS 0x0000000084500000| PB 0x0000000084500000| Untracked 
|  14|0x0000000084600000, 0x00000000846fcc00, 0x0000000084700000| 98%| O|  |TAMS 0x0000000084600000| PB 0x0000000084600000| Untracked 
|  15|0x0000000084700000, 0x0000000084800000, 0x0000000084800000|100%| O|  |TAMS 0x0000000084700000| PB 0x0000000084700000| Untracked 
|  16|0x0000000084800000, 0x0000000084900000, 0x0000000084900000|100%| O|  |TAMS 0x0000000084800000| PB 0x0000000084800000| Untracked 
|  17|0x0000000084900000, 0x00000000849da230, 0x0000000084a00000| 85%| O|  |TAMS 0x0000000084900000| PB 0x0000000084900000| Untracked 
|  18|0x0000000084a00000, 0x0000000084afddd0, 0x0000000084b00000| 99%| O|  |TAMS 0x0000000084a00000| PB 0x0000000084a00000| Untracked 
|  19|0x0000000084b00000, 0x0000000084bcbbf8, 0x0000000084c00000| 79%| O|  |TAMS 0x0000000084b00000| PB 0x0000000084b00000| Untracked 
|  20|0x0000000084c00000, 0x0000000084cffff0, 0x0000000084d00000| 99%| O|  |TAMS 0x0000000084c00000| PB 0x0000000084c00000| Untracked 
|  21|0x0000000084d00000, 0x0000000084dfb388, 0x0000000084e00000| 98%| O|  |TAMS 0x0000000084d00000| PB 0x0000000084d00000| Untracked 
|  22|0x0000000084e00000, 0x0000000084e00000, 0x0000000084f00000|  0%| F|  |TAMS 0x0000000084e00000| PB 0x0000000084e00000| Untracked 
|  23|0x0000000084f00000, 0x0000000084f00000, 0x0000000085000000|  0%| F|  |TAMS 0x0000000084f00000| PB 0x0000000084f00000| Untracked 
|  24|0x0000000085000000, 0x000000008504c6a0, 0x0000000085100000| 29%| S|CS|TAMS 0x0000000085000000| PB 0x0000000085000000| Complete 
|  25|0x0000000085100000, 0x000000008510b108, 0x0000000085200000|  4%| O|  |TAMS 0x0000000085100000| PB 0x0000000085100000| Complete 
|  26|0x0000000085200000, 0x0000000085300000, 0x0000000085300000|100%| S|CS|TAMS 0x0000000085200000| PB 0x0000000085200000| Complete 
|  27|0x0000000085300000, 0x0000000085400000, 0x0000000085400000|100%| S|CS|TAMS 0x0000000085300000| PB 0x0000000085300000| Complete 
|  28|0x0000000085400000, 0x0000000085500000, 0x0000000085500000|100%| S|CS|TAMS 0x0000000085400000| PB 0x0000000085400000| Complete 
|  29|0x0000000085500000, 0x0000000085600000, 0x0000000085600000|100%| S|CS|TAMS 0x0000000085500000| PB 0x0000000085500000| Complete 
|  30|0x0000000085600000, 0x0000000085700000, 0x0000000085700000|100%| S|CS|TAMS 0x0000000085600000| PB 0x0000000085600000| Complete 
|  31|0x0000000085700000, 0x0000000085700000, 0x0000000085800000|  0%| F|  |TAMS 0x0000000085700000| PB 0x0000000085700000| Untracked 
|  32|0x0000000085800000, 0x0000000085800000, 0x0000000085900000|  0%| F|  |TAMS 0x0000000085800000| PB 0x0000000085800000| Untracked 
|  33|0x0000000085900000, 0x0000000085900000, 0x0000000085a00000|  0%| F|  |TAMS 0x0000000085900000| PB 0x0000000085900000| Untracked 
|  34|0x0000000085a00000, 0x0000000085a00000, 0x0000000085b00000|  0%| F|  |TAMS 0x0000000085a00000| PB 0x0000000085a00000| Untracked 
|  35|0x0000000085b00000, 0x0000000085b00000, 0x0000000085c00000|  0%| F|  |TAMS 0x0000000085b00000| PB 0x0000000085b00000| Untracked 
|  36|0x0000000085c00000, 0x0000000085c00000, 0x0000000085d00000|  0%| F|  |TAMS 0x0000000085c00000| PB 0x0000000085c00000| Untracked 
|  37|0x0000000085d00000, 0x0000000085d00000, 0x0000000085e00000|  0%| F|  |TAMS 0x0000000085d00000| PB 0x0000000085d00000| Untracked 
|  38|0x0000000085e00000, 0x0000000085e00000, 0x0000000085f00000|  0%| F|  |TAMS 0x0000000085e00000| PB 0x0000000085e00000| Untracked 
|  39|0x0000000085f00000, 0x0000000085f00000, 0x0000000086000000|  0%| F|  |TAMS 0x0000000085f00000| PB 0x0000000085f00000| Untracked 
|  40|0x0000000086000000, 0x0000000086000000, 0x0000000086100000|  0%| F|  |TAMS 0x0000000086000000| PB 0x0000000086000000| Untracked 
|  41|0x0000000086100000, 0x0000000086100000, 0x0000000086200000|  0%| F|  |TAMS 0x0000000086100000| PB 0x0000000086100000| Untracked 
|  42|0x0000000086200000, 0x0000000086200000, 0x0000000086300000|  0%| F|  |TAMS 0x0000000086200000| PB 0x0000000086200000| Untracked 
|  43|0x0000000086300000, 0x0000000086300000, 0x0000000086400000|  0%| F|  |TAMS 0x0000000086300000| PB 0x0000000086300000| Untracked 
|  44|0x0000000086400000, 0x0000000086400000, 0x0000000086500000|  0%| F|  |TAMS 0x0000000086400000| PB 0x0000000086400000| Untracked 
|  45|0x0000000086500000, 0x0000000086500000, 0x0000000086600000|  0%| F|  |TAMS 0x0000000086500000| PB 0x0000000086500000| Untracked 
|  46|0x0000000086600000, 0x0000000086600000, 0x0000000086700000|  0%| F|  |TAMS 0x0000000086600000| PB 0x0000000086600000| Untracked 
|  47|0x0000000086700000, 0x0000000086700000, 0x0000000086800000|  0%| F|  |TAMS 0x0000000086700000| PB 0x0000000086700000| Untracked 
|  48|0x0000000086800000, 0x0000000086800000, 0x0000000086900000|  0%| F|  |TAMS 0x0000000086800000| PB 0x0000000086800000| Untracked 
|  49|0x0000000086900000, 0x0000000086900000, 0x0000000086a00000|  0%| F|  |TAMS 0x0000000086900000| PB 0x0000000086900000| Untracked 
|  50|0x0000000086a00000, 0x0000000086a00000, 0x0000000086b00000|  0%| F|  |TAMS 0x0000000086a00000| PB 0x0000000086a00000| Untracked 
|  51|0x0000000086b00000, 0x0000000086b00000, 0x0000000086c00000|  0%| F|  |TAMS 0x0000000086b00000| PB 0x0000000086b00000| Untracked 
|  52|0x0000000086c00000, 0x0000000086c00000, 0x0000000086d00000|  0%| F|  |TAMS 0x0000000086c00000| PB 0x0000000086c00000| Untracked 
|  53|0x0000000086d00000, 0x0000000086d00000, 0x0000000086e00000|  0%| F|  |TAMS 0x0000000086d00000| PB 0x0000000086d00000| Untracked 
|  54|0x0000000086e00000, 0x0000000086e00000, 0x0000000086f00000|  0%| F|  |TAMS 0x0000000086e00000| PB 0x0000000086e00000| Untracked 
|  55|0x0000000086f00000, 0x0000000086f00000, 0x0000000087000000|  0%| F|  |TAMS 0x0000000086f00000| PB 0x0000000086f00000| Untracked 
|  56|0x0000000087000000, 0x0000000087000000, 0x0000000087100000|  0%| F|  |TAMS 0x0000000087000000| PB 0x0000000087000000| Untracked 
|  57|0x0000000087100000, 0x0000000087100000, 0x0000000087200000|  0%| F|  |TAMS 0x0000000087100000| PB 0x0000000087100000| Untracked 
|  58|0x0000000087200000, 0x0000000087200000, 0x0000000087300000|  0%| F|  |TAMS 0x0000000087200000| PB 0x0000000087200000| Untracked 
|  59|0x0000000087300000, 0x0000000087300000, 0x0000000087400000|  0%| F|  |TAMS 0x0000000087300000| PB 0x0000000087300000| Untracked 
|  60|0x0000000087400000, 0x0000000087400000, 0x0000000087500000|  0%| F|  |TAMS 0x0000000087400000| PB 0x0000000087400000| Untracked 
|  61|0x0000000087500000, 0x000000008758cfd8, 0x0000000087600000| 55%| E|  |TAMS 0x0000000087500000| PB 0x0000000087500000| Complete 
|  62|0x0000000087600000, 0x0000000087700000, 0x0000000087700000|100%| E|CS|TAMS 0x0000000087600000| PB 0x0000000087600000| Complete 
|  63|0x0000000087700000, 0x0000000087800000, 0x0000000087800000|100%| E|CS|TAMS 0x0000000087700000| PB 0x0000000087700000| Complete 
|  64|0x0000000087800000, 0x0000000087900000, 0x0000000087900000|100%| E|CS|TAMS 0x0000000087800000| PB 0x0000000087800000| Complete 
|  65|0x0000000087900000, 0x0000000087a00000, 0x0000000087a00000|100%| E|CS|TAMS 0x0000000087900000| PB 0x0000000087900000| Complete 
|  66|0x0000000087a00000, 0x0000000087b00000, 0x0000000087b00000|100%| E|CS|TAMS 0x0000000087a00000| PB 0x0000000087a00000| Complete 
|  67|0x0000000087b00000, 0x0000000087c00000, 0x0000000087c00000|100%| E|CS|TAMS 0x0000000087b00000| PB 0x0000000087b00000| Complete 
|  68|0x0000000087c00000, 0x0000000087d00000, 0x0000000087d00000|100%| E|CS|TAMS 0x0000000087c00000| PB 0x0000000087c00000| Complete 
|  69|0x0000000087d00000, 0x0000000087e00000, 0x0000000087e00000|100%| E|CS|TAMS 0x0000000087d00000| PB 0x0000000087d00000| Complete 
|  70|0x0000000087e00000, 0x0000000087f00000, 0x0000000087f00000|100%| E|CS|TAMS 0x0000000087e00000| PB 0x0000000087e00000| Complete 
|  71|0x0000000087f00000, 0x0000000088000000, 0x0000000088000000|100%| E|CS|TAMS 0x0000000087f00000| PB 0x0000000087f00000| Complete 
|  72|0x0000000088000000, 0x0000000088100000, 0x0000000088100000|100%| E|CS|TAMS 0x0000000088000000| PB 0x0000000088000000| Complete 
|  73|0x0000000088100000, 0x0000000088200000, 0x0000000088200000|100%| E|CS|TAMS 0x0000000088100000| PB 0x0000000088100000| Complete 
|  74|0x0000000088200000, 0x0000000088300000, 0x0000000088300000|100%| E|CS|TAMS 0x0000000088200000| PB 0x0000000088200000| Complete 
|  75|0x0000000088300000, 0x0000000088400000, 0x0000000088400000|100%| E|CS|TAMS 0x0000000088300000| PB 0x0000000088300000| Complete 
|  76|0x0000000088400000, 0x0000000088500000, 0x0000000088500000|100%| E|CS|TAMS 0x0000000088400000| PB 0x0000000088400000| Complete 

Card table byte_map: [0x0000021b312b0000,0x0000021b316a0000] _byte_map_base: 0x0000021b30e94000

Marking Bits: (CMBitMap*) 0x0000021b25b2c830
 Bits: [0x0000021b31a90000, 0x0000021b339b0000)

Polling page: 0x0000021b239e0000

Metaspace:

Usage:
  Non-class:     54.84 MB used.
      Class:      9.02 MB used.
       Both:     63.86 MB used.

Virtual space:
  Non-class space:       64.00 MB reserved,      55.31 MB ( 86%) committed,  1 nodes.
      Class space:        1.00 GB reserved,       9.38 MB ( <1%) committed,  1 nodes.
             Both:        1.06 GB reserved,      64.69 MB (  6%) committed. 

Chunk freelists:
   Non-Class:  835.00 KB
       Class:  2.54 MB
        Both:  3.36 MB

MaxMetaspaceSize: unlimited
CompressedClassSpaceSize: 1.00 GB
Initial GC threshold: 21.00 MB
Current GC threshold: 107.62 MB
CDS: on
MetaspaceReclaimPolicy: balanced
 - commit_granule_bytes: 65536.
 - commit_granule_words: 8192.
 - virtual_space_node_default_size: 8388608.
 - enlarge_chunks_in_place: 1.
 - new_chunks_are_fully_committed: 0.
 - uncommit_free_chunks: 1.
 - use_allocation_guard: 0.


Internal statistics:

num_allocs_failed_limit: 6.
num_arena_births: 1208.
num_arena_deaths: 420.
num_vsnodes_births: 2.
num_vsnodes_deaths: 0.
num_space_committed: 1035.
num_space_uncommitted: 0.
num_chunks_returned_to_freelist: 488.
num_chunks_taken_from_freelist: 3616.
num_chunk_merges: 135.
num_chunk_splits: 2489.
num_chunks_enlarged: 1926.
num_inconsistent_stats: 0.

CodeCache: size=49152Kb used=11983Kb max_used=13492Kb free=37168Kb
 bounds [0x0000021b2db90000, 0x0000021b2e8c0000, 0x0000021b30b90000]
 total_blobs=6725 nmethods=6028 adapters=621
 compilation: enabled
              stopped_count=0, restarted_count=0
 full_count=0

Compilation events (20 events):
Event: 1710.720 Thread 0x0000021b7e6b3a40 7026       1       org.antlr.v4.runtime.atn.LexerATNSimulator::execATN (131 bytes)
Event: 1710.721 Thread 0x0000021b35db6e50 7024   !   1       org.antlr.v4.runtime.atn.LexerATNSimulator::match (96 bytes)
Event: 1710.721 Thread 0x0000021b35db6e50 nmethod 7024 0x0000021b2de1bc90 code [0x0000021b2de1be60, 0x0000021b2de1c208]
Event: 1710.721 Thread 0x0000021b35db6e50 7027       1       org.antlr.v4.runtime.atn.LexerATNSimulator::failOrAccept (86 bytes)
Event: 1710.721 Thread 0x0000021b7e6b3a40 nmethod 7026 0x0000021b2e2f9990 code [0x0000021b2e2f9b80, 0x0000021b2e2fa090]
Event: 1710.721 Thread 0x0000021b35db6e50 nmethod 7027 0x0000021b2dec6090 code [0x0000021b2dec6240, 0x0000021b2dec64f8]
Event: 1710.721 Thread 0x0000021b7e6b3a40 7028       1       org.antlr.v4.runtime.atn.LexerATNSimulator::accept (42 bytes)
Event: 1710.721 Thread 0x0000021b35db6e50 7025       1       org.antlr.v4.runtime.atn.LexerATNSimulator$SimState::reset (21 bytes)
Event: 1710.721 Thread 0x0000021b35db6e50 nmethod 7025 0x0000021b2de97290 code [0x0000021b2de97400, 0x0000021b2de97508]
Event: 1710.721 Thread 0x0000021b35db6e50 7029       1       org.hibernate.internal.util.collections.StandardStack::isEmpty (13 bytes)
Event: 1710.721 Thread 0x0000021b35db6e50 nmethod 7029 0x0000021b2dea4d10 code [0x0000021b2dea4e80, 0x0000021b2dea4f60]
Event: 1710.721 Thread 0x0000021b7e6b3a40 nmethod 7028 0x0000021b2df1d690 code [0x0000021b2df1d820, 0x0000021b2df1d9a0]
Event: 1710.721 Thread 0x0000021b35db6e50 7030       1       org.hibernate.internal.AbstractSharedSessionContract::getTransactionCoordinator (5 bytes)
Event: 1710.721 Thread 0x0000021b7e6b3a40 7031       1       java.lang.reflect.Proxy$ProxyBuilder::referencedTypes (113 bytes)
Event: 1710.721 Thread 0x0000021b35db6e50 nmethod 7030 0x0000021b2deb0c10 code [0x0000021b2deb0d80, 0x0000021b2deb0e48]
Event: 1710.722 Thread 0x0000021b7e6b3a40 nmethod 7031 0x0000021b2e317a10 code [0x0000021b2e317c60, 0x0000021b2e3183b8]
Event: 1741.337 Thread 0x0000021b35db6e50 7032       1       jdk.internal.reflect.ClassFileAssembler::getLength (11 bytes)
Event: 1741.337 Thread 0x0000021b35db6e50 nmethod 7032 0x0000021b2de56110 code [0x0000021b2de562a0, 0x0000021b2de563b8]
Event: 1741.338 Thread 0x0000021b35db6e50 7033       1       java.lang.ClassValue::version (5 bytes)
Event: 1741.338 Thread 0x0000021b35db6e50 nmethod 7033 0x0000021b2dec4f10 code [0x0000021b2dec5080, 0x0000021b2dec5148]

GC Heap History (20 events):
Event: 2.879 GC heap before
{Heap before GC invocations=14 (full 0):
 garbage-first heap   total 73728K, used 62593K [0x0000000083800000, 0x0000000100000000)
  region size 1024K, 43 young (44032K), 3 survivors (3072K)
 Metaspace       used 42003K, committed 42624K, reserved 1114112K
  class space    used 5638K, committed 5888K, reserved 1048576K
}
Event: 2.881 GC heap after
{Heap after GC invocations=15 (full 0):
 garbage-first heap   total 73728K, used 22349K [0x0000000083800000, 0x0000000100000000)
  region size 1024K, 4 young (4096K), 4 survivors (4096K)
 Metaspace       used 42003K, committed 42624K, reserved 1114112K
  class space    used 5638K, committed 5888K, reserved 1048576K
}
Event: 3.097 GC heap before
{Heap before GC invocations=15 (full 0):
 garbage-first heap   total 73728K, used 62285K [0x0000000083800000, 0x0000000100000000)
  region size 1024K, 43 young (44032K), 4 survivors (4096K)
 Metaspace       used 46665K, committed 47232K, reserved 1114112K
  class space    used 6313K, committed 6592K, reserved 1048576K
}
Event: 3.100 GC heap after
{Heap after GC invocations=16 (full 0):
 garbage-first heap   total 73728K, used 23237K [0x0000000083800000, 0x0000000100000000)
  region size 1024K, 5 young (5120K), 5 survivors (5120K)
 Metaspace       used 46665K, committed 47232K, reserved 1114112K
  class space    used 6313K, committed 6592K, reserved 1048576K
}
Event: 3.345 GC heap before
{Heap before GC invocations=16 (full 0):
 garbage-first heap   total 73728K, used 62149K [0x0000000083800000, 0x0000000100000000)
  region size 1024K, 43 young (44032K), 5 survivors (5120K)
 Metaspace       used 50462K, committed 51136K, reserved 1114112K
  class space    used 6942K, committed 7232K, reserved 1048576K
}
Event: 3.348 GC heap after
{Heap after GC invocations=17 (full 0):
 garbage-first heap   total 73728K, used 23940K [0x0000000083800000, 0x0000000100000000)
  region size 1024K, 4 young (4096K), 4 survivors (4096K)
 Metaspace       used 50462K, committed 51136K, reserved 1114112K
  class space    used 6942K, committed 7232K, reserved 1048576K
}
Event: 3.505 GC heap before
{Heap before GC invocations=17 (full 0):
 garbage-first heap   total 73728K, used 51588K [0x0000000083800000, 0x0000000100000000)
  region size 1024K, 32 young (32768K), 4 survivors (4096K)
 Metaspace       used 53406K, committed 54080K, reserved 1114112K
  class space    used 7372K, committed 7680K, reserved 1048576K
}
Event: 3.508 GC heap after
{Heap after GC invocations=18 (full 0):
 garbage-first heap   total 73728K, used 24192K [0x0000000083800000, 0x0000000100000000)
  region size 1024K, 4 young (4096K), 4 survivors (4096K)
 Metaspace       used 53406K, committed 54080K, reserved 1114112K
  class space    used 7372K, committed 7680K, reserved 1048576K
}
Event: 3.836 GC heap before
{Heap before GC invocations=19 (full 0):
 garbage-first heap   total 73728K, used 63104K [0x0000000083800000, 0x0000000100000000)
  region size 1024K, 42 young (43008K), 4 survivors (4096K)
 Metaspace       used 56498K, committed 57152K, reserved 1114112K
  class space    used 7800K, committed 8064K, reserved 1048576K
}
Event: 3.840 GC heap after
{Heap after GC invocations=20 (full 0):
 garbage-first heap   total 89088K, used 25723K [0x0000000083800000, 0x0000000100000000)
  region size 1024K, 5 young (5120K), 5 survivors (5120K)
 Metaspace       used 56498K, committed 57152K, reserved 1114112K
  class space    used 7800K, committed 8064K, reserved 1048576K
}
Event: 4.073 GC heap before
{Heap before GC invocations=20 (full 0):
 garbage-first heap   total 89088K, used 72827K [0x0000000083800000, 0x0000000100000000)
  region size 1024K, 52 young (53248K), 5 survivors (5120K)
 Metaspace       used 60088K, committed 60800K, reserved 1114112K
  class space    used 8405K, committed 8704K, reserved 1048576K
}
Event: 4.077 GC heap after
{Heap after GC invocations=21 (full 0):
 garbage-first heap   total 89088K, used 27579K [0x0000000083800000, 0x0000000100000000)
  region size 1024K, 6 young (6144K), 6 survivors (6144K)
 Metaspace       used 60088K, committed 60800K, reserved 1114112K
  class space    used 8405K, committed 8704K, reserved 1048576K
}
Event: 4.289 GC heap before
{Heap before GC invocations=21 (full 0):
 garbage-first heap   total 89088K, used 73659K [0x0000000083800000, 0x0000000100000000)
  region size 1024K, 52 young (53248K), 6 survivors (6144K)
 Metaspace       used 62989K, committed 63680K, reserved 1114112K
  class space    used 8921K, committed 9216K, reserved 1048576K
}
Event: 4.294 GC heap after
{Heap after GC invocations=22 (full 0):
 garbage-first heap   total 89088K, used 29558K [0x0000000083800000, 0x0000000100000000)
  region size 1024K, 6 young (6144K), 6 survivors (6144K)
 Metaspace       used 62989K, committed 63680K, reserved 1114112K
  class space    used 8921K, committed 9216K, reserved 1048576K
}
Event: 468.392 GC heap before
{Heap before GC invocations=22 (full 0):
 garbage-first heap   total 89088K, used 76662K [0x0000000083800000, 0x0000000100000000)
  region size 1024K, 52 young (53248K), 6 survivors (6144K)
 Metaspace       used 65214K, committed 65984K, reserved 1114112K
  class space    used 9240K, committed 9600K, reserved 1048576K
}
Event: 468.401 GC heap after
{Heap after GC invocations=23 (full 0):
 garbage-first heap   total 89088K, used 31269K [0x0000000083800000, 0x0000000100000000)
  region size 1024K, 4 young (4096K), 4 survivors (4096K)
 Metaspace       used 65214K, committed 65984K, reserved 1114112K
  class space    used 9240K, committed 9600K, reserved 1048576K
}
Event: 1708.851 GC heap before
{Heap before GC invocations=23 (full 0):
 garbage-first heap   total 89088K, used 67109K [0x0000000083800000, 0x0000000100000000)
  region size 1024K, 40 young (40960K), 4 survivors (4096K)
 Metaspace       used 65363K, committed 66112K, reserved 1114112K
  class space    used 9270K, committed 9600K, reserved 1048576K
}
Event: 1708.918 GC heap after
{Heap after GC invocations=24 (full 1):
 garbage-first heap   total 78848K, used 22132K [0x0000000083800000, 0x0000000100000000)
  region size 1024K, 0 young (0K), 0 survivors (0K)
 Metaspace       used 64994K, committed 66112K, reserved 1114112K
  class space    used 9176K, committed 9600K, reserved 1048576K
}
Event: 1710.631 GC heap before
{Heap before GC invocations=24 (full 1):
 garbage-first heap   total 78848K, used 69236K [0x0000000083800000, 0x0000000100000000)
  region size 1024K, 46 young (47104K), 0 survivors (0K)
 Metaspace       used 65284K, committed 66176K, reserved 1114112K
  class space    used 9239K, committed 9600K, reserved 1048576K
}
Event: 1710.638 GC heap after
{Heap after GC invocations=25 (full 1):
 garbage-first heap   total 78848K, used 27558K [0x0000000083800000, 0x0000000100000000)
  region size 1024K, 6 young (6144K), 6 survivors (6144K)
 Metaspace       used 65284K, committed 66176K, reserved 1114112K
  class space    used 9239K, committed 9600K, reserved 1048576K
}

Dll operation events (13 events):
Event: 0.009 Loaded shared library C:\Program Files\Java\jdk-20\bin\java.dll
Event: 0.038 Loaded shared library C:\Program Files\Java\jdk-20\bin\jsvml.dll
Event: 0.184 Loaded shared library C:\Program Files\Java\jdk-20\bin\zip.dll
Event: 0.187 Loaded shared library C:\Program Files\Java\jdk-20\bin\instrument.dll
Event: 0.193 Loaded shared library C:\Program Files\Java\jdk-20\bin\net.dll
Event: 0.195 Loaded shared library C:\Program Files\Java\jdk-20\bin\nio.dll
Event: 0.197 Loaded shared library C:\Program Files\Java\jdk-20\bin\zip.dll
Event: 0.308 Loaded shared library C:\Program Files\Java\jdk-20\bin\jimage.dll
Event: 0.337 Loaded shared library C:\Program Files\Java\jdk-20\bin\management.dll
Event: 0.344 Loaded shared library C:\Program Files\Java\jdk-20\bin\management_ext.dll
Event: 0.507 Loaded shared library C:\Program Files\Java\jdk-20\bin\extnet.dll
Event: 0.521 Loaded shared library C:\Program Files\Java\jdk-20\bin\verify.dll
Event: 2.041 Loaded shared library C:\Program Files\Java\jdk-20\bin\sunmscapi.dll

Deoptimization events (20 events):
Event: 1710.719 Thread 0x0000021b7ea56ed0 DEOPT PACKING pc=0x0000021b2e33b5a4 sp=0x000000d5f21fa830
Event: 1710.719 Thread 0x0000021b7ea56ed0 DEOPT UNPACKING pc=0x0000021b2dbfa4c2 sp=0x000000d5f21f9df0 mode 1
Event: 1710.720 Thread 0x0000021b7ea56ed0 DEOPT PACKING pc=0x0000021b2e5d7de4 sp=0x000000d5f21fbc80
Event: 1710.720 Thread 0x0000021b7ea56ed0 DEOPT UNPACKING pc=0x0000021b2dbfa4c2 sp=0x000000d5f21fb1d0 mode 1
Event: 1741.337 Thread 0x0000021b7cb595d0 DEOPT PACKING pc=0x0000021b2e5b7594 sp=0x000000d5f49fe000
Event: 1741.337 Thread 0x0000021b7cb595d0 DEOPT UNPACKING pc=0x0000021b2dbfa4c2 sp=0x000000d5f49fd568 mode 1
Event: 1741.338 Thread 0x0000021b7cb595d0 DEOPT PACKING pc=0x0000021b2e5b7594 sp=0x000000d5f49fe000
Event: 1741.338 Thread 0x0000021b7cb595d0 DEOPT UNPACKING pc=0x0000021b2dbfa4c2 sp=0x000000d5f49fd568 mode 1
Event: 1741.338 Thread 0x0000021b7cb595d0 DEOPT PACKING pc=0x0000021b2e5b7594 sp=0x000000d5f49fe000
Event: 1741.338 Thread 0x0000021b7cb595d0 DEOPT UNPACKING pc=0x0000021b2dbfa4c2 sp=0x000000d5f49fd568 mode 1
Event: 1741.338 Thread 0x0000021b7cb595d0 DEOPT PACKING pc=0x0000021b2e5b7594 sp=0x000000d5f49fe000
Event: 1741.338 Thread 0x0000021b7cb595d0 DEOPT UNPACKING pc=0x0000021b2dbfa4c2 sp=0x000000d5f49fd568 mode 1
Event: 1741.338 Thread 0x0000021b7cb595d0 DEOPT PACKING pc=0x0000021b2e5b7594 sp=0x000000d5f49fe000
Event: 1741.338 Thread 0x0000021b7cb595d0 DEOPT UNPACKING pc=0x0000021b2dbfa4c2 sp=0x000000d5f49fd568 mode 1
Event: 1741.338 Thread 0x0000021b7cb595d0 DEOPT PACKING pc=0x0000021b2e5b7594 sp=0x000000d5f49fe000
Event: 1741.338 Thread 0x0000021b7cb595d0 DEOPT UNPACKING pc=0x0000021b2dbfa4c2 sp=0x000000d5f49fd568 mode 1
Event: 1741.338 Thread 0x0000021b7cb595d0 DEOPT PACKING pc=0x0000021b2e5b7594 sp=0x000000d5f49fe000
Event: 1741.338 Thread 0x0000021b7cb595d0 DEOPT UNPACKING pc=0x0000021b2dbfa4c2 sp=0x000000d5f49fd568 mode 1
Event: 1776.633 Thread 0x0000021b7ea56ed0 DEOPT PACKING pc=0x0000021b2df3130c sp=0x000000d5f21fe060
Event: 1776.633 Thread 0x0000021b7ea56ed0 DEOPT UNPACKING pc=0x0000021b2dbfa4c2 sp=0x000000d5f21fd518 mode 0

Classes loaded (20 events):
Event: 1708.844 Loading class javax/crypto/IllegalBlockSizeException
Event: 1708.844 Loading class javax/crypto/IllegalBlockSizeException done
Event: 1708.844 Loading class java/security/spec/InvalidKeySpecException
Event: 1708.844 Loading class java/security/spec/InvalidKeySpecException done
Event: 1708.845 Loading class java/security/UnrecoverableKeyException
Event: 1708.845 Loading class java/security/UnrecoverableEntryException
Event: 1708.845 Loading class java/security/UnrecoverableEntryException done
Event: 1708.845 Loading class java/security/UnrecoverableKeyException done
Event: 1708.845 Loading class java/security/KeyStoreException
Event: 1708.845 Loading class java/security/KeyStoreException done
Event: 1708.845 Loading class java/security/KeyManagementException
Event: 1708.845 Loading class java/security/KeyManagementException done
Event: 1708.845 Loading class javax/net/ssl/TrustManager
Event: 1708.845 Loading class javax/net/ssl/TrustManager done
Event: 1708.919 Loading class java/lang/ref/Finalizer$2
Event: 1708.920 Loading class java/lang/ref/Finalizer$2 done
Event: 1708.920 Loading class java/lang/ref/Finalizer$1
Event: 1708.920 Loading class java/lang/ref/Finalizer$1 done
Event: 1710.460 Loading class java/lang/reflect/AnnotatedParameterizedType
Event: 1710.461 Loading class java/lang/reflect/AnnotatedParameterizedType done

Classes unloaded (20 events):
Event: 1710.657 Thread 0x0000021b35d813c0 Unloading class 0x0000021b37c13c00 'java/lang/invoke/LambdaForm$MH+0x0000021b37c13c00'
Event: 1710.657 Thread 0x0000021b35d813c0 Unloading class 0x0000021b37c13800 'java/lang/invoke/LambdaForm$MH+0x0000021b37c13800'
Event: 1710.657 Thread 0x0000021b35d813c0 Unloading class 0x0000021b37c13400 'java/lang/invoke/LambdaForm$MH+0x0000021b37c13400'
Event: 1710.657 Thread 0x0000021b35d813c0 Unloading class 0x0000021b37c11c00 'java/lang/invoke/LambdaForm$MH+0x0000021b37c11c00'
Event: 1710.657 Thread 0x0000021b35d813c0 Unloading class 0x0000021b37c10800 'java/lang/invoke/LambdaForm$MH+0x0000021b37c10800'
Event: 1710.657 Thread 0x0000021b35d813c0 Unloading class 0x0000021b37c10400 'java/lang/invoke/LambdaForm$MH+0x0000021b37c10400'
Event: 1710.657 Thread 0x0000021b35d813c0 Unloading class 0x0000021b37a01800 'jdk/internal/reflect/GeneratedSerializationConstructorAccessor9'
Event: 1710.657 Thread 0x0000021b35d813c0 Unloading class 0x0000021b379f4c00 'jdk/internal/reflect/GeneratedSerializationConstructorAccessor7'
Event: 1710.657 Thread 0x0000021b35d813c0 Unloading class 0x0000021b379f4800 'jdk/internal/reflect/GeneratedSerializationConstructorAccessor6'
Event: 1710.657 Thread 0x0000021b35d813c0 Unloading class 0x0000021b379f4400 'jdk/internal/reflect/GeneratedSerializationConstructorAccessor5'
Event: 1710.657 Thread 0x0000021b35d813c0 Unloading class 0x0000021b379f4000 'jdk/internal/reflect/GeneratedSerializationConstructorAccessor4'
Event: 1710.657 Thread 0x0000021b35d813c0 Unloading class 0x0000021b378ca400 'java/lang/invoke/LambdaForm$MH+0x0000021b378ca400'
Event: 1710.657 Thread 0x0000021b35d813c0 Unloading class 0x0000021b378c9400 'java/lang/invoke/LambdaForm$MH+0x0000021b378c9400'
Event: 1710.657 Thread 0x0000021b35d813c0 Unloading class 0x0000021b378c9000 'java/lang/invoke/LambdaForm$MH+0x0000021b378c9000'
Event: 1710.657 Thread 0x0000021b35d813c0 Unloading class 0x0000021b378c8800 'java/lang/invoke/LambdaForm$MH+0x0000021b378c8800'
Event: 1710.657 Thread 0x0000021b35d813c0 Unloading class 0x0000021b378c8000 'java/lang/invoke/LambdaForm$MH+0x0000021b378c8000'
Event: 1710.657 Thread 0x0000021b35d813c0 Unloading class 0x0000021b37807400 'java/lang/invoke/LambdaForm$MH+0x0000021b37807400'
Event: 1710.657 Thread 0x0000021b35d813c0 Unloading class 0x0000021b37806c00 'java/lang/invoke/LambdaForm$MH+0x0000021b37806c00'
Event: 1710.657 Thread 0x0000021b35d813c0 Unloading class 0x0000021b37806400 'java/lang/invoke/LambdaForm$MH+0x0000021b37806400'
Event: 1710.657 Thread 0x0000021b35d813c0 Unloading class 0x0000021b37805c00 'java/lang/invoke/LambdaForm$MH+0x0000021b37805c00'

Classes redefined (1 events):
Event: 1776.654 Thread 0x0000021b35d813c0 redefined class name=com.global.hr.data.controller.RoleController, count=1

Internal exceptions (20 events):
Event: 4.390 Thread 0x0000021b7b8d7e40 Exception <a 'java/lang/IncompatibleClassChangeError'{0x00000000880c8e50}: Found class java.lang.Object, but interface was expected> (0x00000000880c8e50) 
thrown [s\open\src\hotspot\share\interpreter\linkResolver.cpp, line 840]
Event: 4.410 Thread 0x0000021b7b8d7e40 Exception <a 'java/lang/NoSuchMethodError'{0x0000000087dc0890}: 'int java.lang.invoke.DirectMethodHandle$Holder.invokeStaticInit(java.lang.Object, java.lang.Object, java.lang.Object, java.lang.Object)'> (0x0000000087dc0890) 
thrown [s\open\src\hotspot\share\interpreter\linkResolver.cpp, line 773]
Event: 4.484 Thread 0x0000021b7b8d7e40 Exception <a 'java/lang/NoSuchMethodError'{0x00000000874b5aa0}: 'java.lang.Object java.lang.invoke.DirectMethodHandle$Holder.newInvokeSpecial(java.lang.Object, java.lang.Object, int, java.lang.Object, java.lang.Object)'> (0x00000000874b5aa0) 
thrown [s\open\src\hotspot\share\interpreter\linkResolver.cpp, line 773]
Event: 4.484 Thread 0x0000021b7b8d7e40 Exception <a 'java/lang/NoSuchMethodError'{0x00000000874c0570}: 'java.lang.Object java.lang.invoke.DirectMethodHandle$Holder.invokeSpecial(java.lang.Object, java.lang.Object, int, java.lang.Object, int, java.lang.Object)'> (0x00000000874c0570) 
thrown [s\open\src\hotspot\share\interpreter\linkResolver.cpp, line 773]
Event: 4.484 Thread 0x0000021b7b8d7e40 Exception <a 'java/lang/NoSuchMethodError'{0x00000000874c82b0}: 'java.lang.Object java.lang.invoke.DirectMethodHandle$Holder.newInvokeSpecial(java.lang.Object, java.lang.Object, int, java.lang.Object, int)'> (0x00000000874c82b0) 
thrown [s\open\src\hotspot\share\interpreter\linkResolver.cpp, line 773]
Event: 4.484 Thread 0x0000021b7b8d7e40 Exception <a 'java/lang/NoSuchMethodError'{0x00000000874cc120}: 'java.lang.Object java.lang.invoke.DirectMethodHandle$Holder.invokeSpecial(java.lang.Object, java.lang.Object, java.lang.Object, int, java.lang.Object, int)'> (0x00000000874cc120) 
thrown [s\open\src\hotspot\share\interpreter\linkResolver.cpp, line 773]
Event: 4.584 Thread 0x0000021b7cb595d0 Exception <a 'java/lang/NoSuchMethodError'{0x0000000086efc1c0}: 'java.lang.Object java.lang.invoke.DirectMethodHandle$Holder.invokeInterface(java.lang.Object, java.lang.Object, java.lang.Object, java.lang.Object, java.lang.Object, java.lang.Object, java.lang.Object)'> (0x0000000086efc1c0) 
thrown [s\open\src\hotspot\share\interpreter\linkResolver.cpp, line 773]
Event: 1708.822 Thread 0x0000021b7cb5a5c0 Exception <a 'java/lang/InterruptedException'{0x0000000086c7b720}: sleep interrupted> (0x0000000086c7b720) 
thrown [s\open\src\hotspot\share\prims\jvm.cpp, line 3086]
Event: 1708.935 Thread 0x0000021b7ea56ed0 Exception <a 'sun/nio/fs/WindowsException'{0x00000000884cc408}> (0x00000000884cc408) 
thrown [s\open\src\hotspot\share\prims\jni.cpp, line 519]
Event: 1709.152 Thread 0x0000021b7ea56ed0 Exception <a 'java/lang/NoClassDefFoundError'{0x0000000086d40df8}: org/flywaydb/core/Flyway> (0x0000000086d40df8) 
thrown [s\open\src\hotspot\share\oops\constantPool.cpp, line 848]
Event: 1710.324 Thread 0x0000021b7ea56ed0 Exception <a 'java/lang/NoClassDefFoundError'{0x0000000086d414a8}: liquibase/integration/spring/SpringLiquibase> (0x0000000086d414a8) 
thrown [s\open\src\hotspot\share\oops\constantPool.cpp, line 848]
Event: 1710.329 Thread 0x0000021b7ea56ed0 Exception <a 'java/lang/NoClassDefFoundError'{0x0000000086daa218}: org/jooq/DSLContext> (0x0000000086daa218) 
thrown [s\open\src\hotspot\share\oops\constantPool.cpp, line 848]
Event: 1710.330 Thread 0x0000021b7ea56ed0 Exception <a 'java/lang/NoClassDefFoundError'{0x0000000086db9218}: org/springframework/batch/core/repository/JobRepository> (0x0000000086db9218) 
thrown [s\open\src\hotspot\share\oops\constantPool.cpp, line 848]
Event: 1710.331 Thread 0x0000021b7ea56ed0 Exception <a 'java/lang/NoClassDefFoundError'{0x0000000086db9870}: org/quartz/Scheduler> (0x0000000086db9870) 
thrown [s\open\src\hotspot\share\oops\constantPool.cpp, line 848]
Event: 1710.331 Thread 0x0000021b7ea56ed0 Exception <a 'java/lang/NoClassDefFoundError'{0x0000000086db9ef0}: org/springframework/session/jdbc/JdbcIndexedSessionRepository> (0x0000000086db9ef0) 
thrown [s\open\src\hotspot\share\oops\constantPool.cpp, line 848]
Event: 1710.338 Thread 0x0000021b7ea56ed0 Exception <a 'java/lang/NoSuchMethodError'{0x0000000086c545f0}: 'void java.lang.invoke.DelegatingMethodHandle$Holder.reinvoke_L(java.lang.Object, java.lang.Object, int)'> (0x0000000086c545f0) 
thrown [s\open\src\hotspot\share\interpreter\linkResolver.cpp, line 773]
Event: 1710.374 Thread 0x0000021b7ea56ed0 Exception <a 'java/lang/NoSuchMethodError'{0x00000000868de468}: 'int java.lang.invoke.DirectMethodHandle$Holder.invokeVirtual(java.lang.Object, java.lang.Object, java.lang.Object, java.lang.Object)'> (0x00000000868de468) 
thrown [s\open\src\hotspot\share\interpreter\linkResolver.cpp, line 773]
Event: 1710.374 Thread 0x0000021b7ea56ed0 Exception <a 'java/lang/NoSuchMethodError'{0x00000000868e1a30}: 'int java.lang.invoke.DelegatingMethodHandle$Holder.reinvoke_L(java.lang.Object, java.lang.Object, java.lang.Object, java.lang.Object)'> (0x00000000868e1a30) 
thrown [s\open\src\hotspot\share\interpreter\linkResolver.cpp, line 773]
Event: 1710.389 Thread 0x0000021b7ea56ed0 Exception <a 'java/io/FileNotFoundException'{0x00000000865297e8}> (0x00000000865297e8) 
thrown [s\open\src\hotspot\share\prims\jni.cpp, line 519]
Event: 1710.419 Thread 0x0000021b7ea56ed0 Exception <a 'java/io/FileNotFoundException'{0x0000000086000630}> (0x0000000086000630) 
thrown [s\open\src\hotspot\share\prims\jni.cpp, line 519]

VM Operations (20 events):
Event: 1711.787 Executing VM operation: GetObjectMonitorUsage
Event: 1711.787 Executing VM operation: GetObjectMonitorUsage done
Event: 1711.788 Executing VM operation: GetObjectMonitorUsage
Event: 1711.788 Executing VM operation: GetObjectMonitorUsage done
Event: 1711.788 Executing VM operation: GetObjectMonitorUsage
Event: 1711.788 Executing VM operation: GetObjectMonitorUsage done
Event: 1711.788 Executing VM operation: GetObjectMonitorUsage
Event: 1711.788 Executing VM operation: GetObjectMonitorUsage done
Event: 1742.019 Executing VM operation: Cleanup
Event: 1742.020 Executing VM operation: Cleanup done
Event: 1744.454 Executing VM operation: HandshakeAllThreads
Event: 1744.454 Executing VM operation: HandshakeAllThreads done
Event: 1776.626 Executing VM operation: ChangeSingleStep
Event: 1776.626 Executing VM operation: ChangeSingleStep done
Event: 1776.633 Executing VM operation: ChangeSingleStep
Event: 1776.634 Executing VM operation: ChangeSingleStep done
Event: 1776.647 Executing VM operation: RedefineClasses
Event: 1776.670 Executing VM operation: RedefineClasses done
Event: 1776.672 Executing VM operation: ChangeSingleStep
Event: 1776.672 Executing VM operation: ChangeSingleStep done

Events (20 events):
Event: 1710.665 Thread 0x0000021b35d813c0 flushing nmethod 0x0000021b2de17090
Event: 1710.665 Thread 0x0000021b35d813c0 flushing nmethod 0x0000021b2de16a90
Event: 1710.665 Thread 0x0000021b35d813c0 flushing nmethod 0x0000021b2ddc5890
Event: 1710.665 Thread 0x0000021b35d813c0 flushing nmethod 0x0000021b2dd86c10
Event: 1710.665 Thread 0x0000021b35d813c0 flushing nmethod 0x0000021b2dcf6a90
Event: 1710.665 Thread 0x0000021b35d813c0 flushing nmethod 0x0000021b2dcf6790
Event: 1710.665 Thread 0x0000021b35d813c0 flushing nmethod 0x0000021b2dcf2f10
Event: 1710.665 Thread 0x0000021b35d813c0 flushing nmethod 0x0000021b2dcf2c10
Event: 1710.665 Thread 0x0000021b35d813c0 flushing nmethod 0x0000021b2dcf3210
Event: 1710.665 Thread 0x0000021b35d813c0 flushing nmethod 0x0000021b2dcd3210
Event: 1710.665 Thread 0x0000021b35d813c0 flushing nmethod 0x0000021b2dccec90
Event: 1710.665 Thread 0x0000021b35d813c0 flushing nmethod 0x0000021b2dccb990
Event: 1710.665 Thread 0x0000021b35d813c0 flushing nmethod 0x0000021b2dcd8190
Event: 1710.665 Thread 0x0000021b35d813c0 flushing nmethod 0x0000021b2dcd7290
Event: 1710.665 Thread 0x0000021b35d813c0 flushing nmethod 0x0000021b2dccab10
Event: 1710.665 Thread 0x0000021b35d813c0 flushing nmethod 0x0000021b2dcca790
Event: 1710.665 Thread 0x0000021b35d813c0 flushing nmethod 0x0000021b2dccd210
Event: 1710.665 Thread 0x0000021b35d813c0 flushing nmethod 0x0000021b2dcc9010
Event: 1715.701 Thread 0x0000021b7ea539b0 Thread exited: 0x0000021b7ea539b0
Event: 1715.732 Thread 0x0000021b7e6b3a40 Thread exited: 0x0000021b7e6b3a40


Dynamic libraries:
0x00007ff74c0b0000 - 0x00007ff74c0c0000 	C:\Program Files\Java\jdk-20\bin\javaw.exe
0x00007ffc1f2f0000 - 0x00007ffc1f507000 	C:\WINDOWS\SYSTEM32\ntdll.dll
0x00007ffc1e260000 - 0x00007ffc1e324000 	C:\WINDOWS\System32\KERNEL32.DLL
0x00007ffc1c830000 - 0x00007ffc1cbd6000 	C:\WINDOWS\System32\KERNELBASE.dll
0x00007ffc1c710000 - 0x00007ffc1c821000 	C:\WINDOWS\System32\ucrtbase.dll
0x00007ffc08360000 - 0x00007ffc08379000 	C:\Program Files\Java\jdk-20\bin\jli.dll
0x00007ffbe05f0000 - 0x00007ffbe060b000 	C:\Program Files\Java\jdk-20\bin\VCRUNTIME140.dll
0x00007ffc1eb60000 - 0x00007ffc1ec10000 	C:\WINDOWS\System32\ADVAPI32.dll
0x00007ffc1e1b0000 - 0x00007ffc1e257000 	C:\WINDOWS\System32\msvcrt.dll
0x00007ffc1d470000 - 0x00007ffc1d516000 	C:\WINDOWS\System32\sechost.dll
0x00007ffc1e4a0000 - 0x00007ffc1e5b7000 	C:\WINDOWS\System32\RPCRT4.dll
0x00007ffc1e000000 - 0x00007ffc1e1ad000 	C:\WINDOWS\System32\USER32.dll
0x00007ffc1c670000 - 0x00007ffc1c696000 	C:\WINDOWS\System32\win32u.dll
0x00007ffbfc3d0000 - 0x00007ffbfc663000 	C:\WINDOWS\WinSxS\amd64_microsoft.windows.common-controls_6595b64144ccf1df_6.0.22621.2361_none_2712ced57382f843\COMCTL32.dll
0x00007ffc1eca0000 - 0x00007ffc1ecc9000 	C:\WINDOWS\System32\GDI32.dll
0x00007ffc1cf30000 - 0x00007ffc1d048000 	C:\WINDOWS\System32\gdi32full.dll
0x00007ffc1cc60000 - 0x00007ffc1ccfa000 	C:\WINDOWS\System32\msvcp_win.dll
0x00007ffc12080000 - 0x00007ffc1208a000 	C:\WINDOWS\SYSTEM32\VERSION.dll
0x00007ffc1d6d0000 - 0x00007ffc1d701000 	C:\WINDOWS\System32\IMM32.DLL
0x00007ffc08350000 - 0x00007ffc0835c000 	C:\Program Files\Java\jdk-20\bin\vcruntime140_1.dll
0x00007ffbdb340000 - 0x00007ffbdb3ce000 	C:\Program Files\Java\jdk-20\bin\msvcp140.dll
0x00007ffb5b7f0000 - 0x00007ffb5c488000 	C:\Program Files\Java\jdk-20\bin\server\jvm.dll
0x00007ffc175d0000 - 0x00007ffc175d9000 	C:\WINDOWS\SYSTEM32\WSOCK32.dll
0x00007ffc156b0000 - 0x00007ffc156e4000 	C:\WINDOWS\SYSTEM32\WINMM.dll
0x00007ffc1ec10000 - 0x00007ffc1ec81000 	C:\WINDOWS\System32\WS2_32.dll
0x00007ffc1b7a0000 - 0x00007ffc1b7b8000 	C:\WINDOWS\SYSTEM32\kernel.appcore.dll
0x00007ffc07620000 - 0x00007ffc0762a000 	C:\Program Files\Java\jdk-20\bin\jimage.dll
0x00007ffc19fa0000 - 0x00007ffc1a1ce000 	C:\WINDOWS\SYSTEM32\DBGHELP.DLL
0x00007ffc1d060000 - 0x00007ffc1d3ea000 	C:\WINDOWS\System32\combase.dll
0x00007ffc1ecd0000 - 0x00007ffc1eda7000 	C:\WINDOWS\System32\OLEAUT32.dll
0x00007ffc102a0000 - 0x00007ffc102d2000 	C:\WINDOWS\SYSTEM32\dbgcore.DLL
0x00007ffc1cbe0000 - 0x00007ffc1cc5a000 	C:\WINDOWS\System32\bcryptPrimitives.dll
0x00007ffbdb300000 - 0x00007ffbdb33c000 	C:\Program Files\Java\jdk-20\bin\jdwp.dll
0x00007ffc015f0000 - 0x00007ffc015fe000 	C:\Program Files\Java\jdk-20\bin\instrument.dll
0x00007ffbdb2d0000 - 0x00007ffbdb2f6000 	C:\Program Files\Java\jdk-20\bin\java.dll
0x00007ffb8bc30000 - 0x00007ffb8bd07000 	C:\Program Files\Java\jdk-20\bin\jsvml.dll
0x00007ffc1d710000 - 0x00007ffc1df68000 	C:\WINDOWS\System32\SHELL32.dll
0x00007ffc1a5e0000 - 0x00007ffc1aed2000 	C:\WINDOWS\SYSTEM32\windows.storage.dll
0x00007ffc1a4a0000 - 0x00007ffc1a5de000 	C:\WINDOWS\SYSTEM32\wintypes.dll
0x00007ffc1e670000 - 0x00007ffc1e763000 	C:\WINDOWS\System32\SHCORE.dll
0x00007ffc1d3f0000 - 0x00007ffc1d44e000 	C:\WINDOWS\System32\shlwapi.dll
0x00007ffc1c5a0000 - 0x00007ffc1c5c6000 	C:\WINDOWS\SYSTEM32\profapi.dll
0x00007ffbfeb70000 - 0x00007ffbfeb7c000 	C:\Program Files\Java\jdk-20\bin\dt_socket.dll
0x00007ffc1b1f0000 - 0x00007ffc1b21d000 	C:\WINDOWS\SYSTEM32\IPHLPAPI.DLL
0x00007ffc1bc20000 - 0x00007ffc1bc89000 	C:\WINDOWS\system32\mswsock.dll
0x00007ffc1b220000 - 0x00007ffc1b319000 	C:\WINDOWS\SYSTEM32\DNSAPI.dll
0x00007ffc1e990000 - 0x00007ffc1e999000 	C:\WINDOWS\System32\NSI.dll
0x00007ffc15900000 - 0x00007ffc1590a000 	C:\Windows\System32\rasadhlp.dll
0x00007ffc11e80000 - 0x00007ffc11f04000 	C:\WINDOWS\System32\fwpuclnt.dll
0x00007ffbdb2b0000 - 0x00007ffbdb2c8000 	C:\Program Files\Java\jdk-20\bin\zip.dll
0x00007ffbdb250000 - 0x00007ffbdb263000 	C:\Program Files\Java\jdk-20\bin\net.dll
0x00007ffc16e50000 - 0x00007ffc16f87000 	C:\WINDOWS\SYSTEM32\WINHTTP.dll
0x00007ffbdb230000 - 0x00007ffbdb246000 	C:\Program Files\Java\jdk-20\bin\nio.dll
0x00007ffbe0c30000 - 0x00007ffbe0c3a000 	C:\Program Files\Java\jdk-20\bin\management.dll
0x00007ffbe0b90000 - 0x00007ffbe0b9b000 	C:\Program Files\Java\jdk-20\bin\management_ext.dll
0x00007ffc1ec90000 - 0x00007ffc1ec98000 	C:\WINDOWS\System32\PSAPI.DLL
0x00007ffc17760000 - 0x00007ffc17777000 	C:\WINDOWS\system32\napinsp.dll
0x00007ffc17740000 - 0x00007ffc1775b000 	C:\WINDOWS\system32\pnrpnsp.dll
0x00007ffbed290000 - 0x00007ffbed2a1000 	C:\WINDOWS\System32\winrnr.dll
0x00007ffbe3800000 - 0x00007ffbe3815000 	C:\WINDOWS\system32\wshbth.dll
0x00007ffbed240000 - 0x00007ffbed261000 	C:\WINDOWS\system32\nlansp_c.dll
0x00007ffc1be80000 - 0x00007ffc1be9b000 	C:\WINDOWS\SYSTEM32\CRYPTSP.dll
0x00007ffc1b700000 - 0x00007ffc1b735000 	C:\WINDOWS\system32\rsaenh.dll
0x00007ffc1bd10000 - 0x00007ffc1bd3c000 	C:\WINDOWS\SYSTEM32\USERENV.dll
0x00007ffc1c010000 - 0x00007ffc1c038000 	C:\WINDOWS\SYSTEM32\bcrypt.dll
0x00007ffc1be70000 - 0x00007ffc1be7c000 	C:\WINDOWS\SYSTEM32\CRYPTBASE.dll
0x00007ffc15930000 - 0x00007ffc15949000 	C:\WINDOWS\SYSTEM32\dhcpcsvc6.DLL
0x00007ffc15910000 - 0x00007ffc1592f000 	C:\WINDOWS\SYSTEM32\dhcpcsvc.DLL
0x00007ffbe04e0000 - 0x00007ffbe04e7000 	C:\Program Files\Java\jdk-20\bin\extnet.dll
0x00007ffbdcf40000 - 0x00007ffbdcf50000 	C:\Program Files\Java\jdk-20\bin\verify.dll
0x00007ffbdcc80000 - 0x00007ffbdcc8e000 	C:\Program Files\Java\jdk-20\bin\sunmscapi.dll
0x00007ffc1cdc0000 - 0x00007ffc1cf26000 	C:\WINDOWS\System32\CRYPT32.dll
0x00007ffc1bfe0000 - 0x00007ffc1c00d000 	C:\WINDOWS\SYSTEM32\ncrypt.dll
0x00007ffc1bfa0000 - 0x00007ffc1bfd7000 	C:\WINDOWS\SYSTEM32\NTASN1.dll
0x00007ffc03970000 - 0x00007ffc03978000 	C:\WINDOWS\system32\wshunix.dll

dbghelp: loaded successfully - version: 4.0.5 - missing functions: none
symbol engine: initialized successfully - sym options: 0x614 - pdb path: .;C:\Program Files\Java\jdk-20\bin;C:\WINDOWS\SYSTEM32;C:\WINDOWS\WinSxS\amd64_microsoft.windows.common-controls_6595b64144ccf1df_6.0.22621.2361_none_2712ced57382f843;C:\Program Files\Java\jdk-20\bin\server

VM Arguments:
jvm_args: -XX:+ShowCodeDetailsInExceptionMessages -agentlib:jdwp=transport=dt_socket,suspend=y,address=localhost:50493 -Dcom.sun.management.jmxremote -Dcom.sun.management.jmxremote.port=50492 -Dcom.sun.management.jmxremote.authenticate=false -Dcom.sun.management.jmxremote.ssl=false -Djava.rmi.server.hostname=localhost -Dspring.jmx.enabled=true -Dmanagement.endpoints.jmx.exposure.include=* -Dspring.application.admin.enabled=true -XX:TieredStopAtLevel=1 -Dspring.boot.project.name=data-jpa -javaagent:D:\FCIS\Java\Tools\sts-4.20.0.RELEASE\configuration\org.eclipse.osgi\262\0\.cp\lib\javaagent-shaded.jar -Dfile.encoding=UTF-8 -Dstdout.encoding=UTF-8 -Dstderr.encoding=UTF-8 
java_command: com.global.hr.data.DataInitializerApplication --spring.output.ansi.enabled=always
java_class_path (initial): D:\FCIS\Java\Spring Boot\STS\data-jpa\target\classes;C:\Users\dell\.m2\repository\org\springframework\boot\spring-boot-starter-data-jpa\3.1.5\spring-boot-starter-data-jpa-3.1.5.jar;C:\Users\dell\.m2\repository\org\springframework\boot\spring-boot-starter-aop\3.1.5\spring-boot-starter-aop-3.1.5.jar;C:\Users\dell\.m2\repository\org\springframework\spring-aop\6.0.13\spring-aop-6.0.13.jar;C:\Users\dell\.m2\repository\org\aspectj\aspectjweaver\1.9.20\aspectjweaver-1.9.20.jar;C:\Users\dell\.m2\repository\org\springframework\boot\spring-boot-starter-jdbc\3.1.5\spring-boot-starter-jdbc-3.1.5.jar;C:\Users\dell\.m2\repository\com\zaxxer\HikariCP\5.0.1\HikariCP-5.0.1.jar;C:\Users\dell\.m2\repository\org\springframework\spring-jdbc\6.0.13\spring-jdbc-6.0.13.jar;C:\Users\dell\.m2\repository\org\hibernate\orm\hibernate-core\6.2.13.Final\hibernate-core-6.2.13.Final.jar;C:\Users\dell\.m2\repository\jakarta\persistence\jakarta.persistence-api\3.1.0\jakarta.persistence-api-3.1.0.jar;C:\Users\dell\.m2\repository\jakarta\transaction\jakarta.transaction-api\2.0.1\jakarta.transaction-api-2.0.1.jar;C:\Users\dell\.m2\repository\org\jboss\logging\jboss-logging\3.5.3.Final\jboss-logging-3.5.3.Final.jar;C:\Users\dell\.m2\repository\org\hibernate\common\hibernate-commons-annotations\6.0.6.Final\hibernate-commons-annotations-6.0.6.Final.jar;C:\Users\dell\.m2\repository\io\smallrye\jandex\3.0.5\jandex-3.0.5.jar;C:\Users\dell\.m2\repository\com\fasterxml\classmate\1.5.1\classmate-1.5.1.jar;C:\Users\dell\.m2\repository\net\bytebuddy\byte-buddy\1.14.9\byte-buddy-1.14.9.jar;C:\Users\dell\.m2\repository\org\glassfish\jaxb\jaxb-runtime\4.0.3\jaxb-runtime-4.0.3.jar;C:\Users\dell\.m2\repository\org\glassfish\jaxb\jaxb-core\4.0.3\jaxb-core-4.0.3.jar;C:\Users\dell\.m2\repository\org\eclipse\angus\angus-activation\2.0.1\angus-activation-2.0.1.jar;C:\Users\dell\.m2\repository\org\glassfish\jaxb\txw2\4.0.3\txw2-4.0.3.jar;C:\Users\dell\.m2\repository\com\sun\istack\istack-commons-runtime\4.1.2\istack-commons-runtime-4.1.2.jar;C:\Users\dell\.m2\repository\jakarta\inject\jakarta.inject-api\2.0.1\jakarta.inject-api-2.0.1.jar;C:\Users\dell\.m2\repository\org\antlr\antlr4-runtime\4.10.1\antlr4-runtime-4.10.1.jar;C:\Users\dell\.m2\repository\org\springframework\data\spring-data-jpa\3.1.5\spring-data-jpa-3.1.5.jar;C:\Users\dell\.m2\repository\org\springframework\data\spring-data-commons\3.1.5\spring-data-commons-3.1.5.jar;C:\Users\dell\.m2\repository\org\springframework\spring-orm\6.0.13\spring-orm-6.0.13.jar;C:\Users\dell\.m2\repository\org\springframework\spring-context\6.0.13\spring-context-6.0.13.jar;C:\Users\dell\.m2\repository\org\springframework\spring-tx\6.0.13\spring-tx-6.0.13.jar;C:\Users\dell\.m2\repository\org\springframework\spring-beans\6.0.13\spring-beans-6.0.13.jar;C:\Users\dell\.m2\repository\jakarta\annotation\jakarta.annotation-api\2.1.1\jakarta.annotation-api-2.1.1.jar;C:\Users\dell\.m2\repository\org\slf4j\slf4j-api\2.0.9\slf4j-api-2.0.9.jar;C:\Users\dell\.m2\repository\org\springframework\spring-aspects\6.0.13\spring-aspects-6.0.13.jar;C:\Users\dell\.m2\repository\org\springframework\boot\spring-boot-starter-web\3.1.5\spring-boot-starter-web-3.1.5.jar;C:\Users\dell\.m2\repository\org\springframework\boot\spring-boot-starter\3.1.5\spring-boot-starter-3.1.5.jar;C:\Users\dell\.m2\repository\org\springframework\boot\spring-boot-starter-logging\3.1.5\spring-boot-starter-logging-3.1.5.jar;C:\Users\dell\.m2\repository\ch\qos\logback\logback-classic\1.4.11\logback-classic-1.4.11.jar;C:\Users\dell\.m2\repository\ch\qos\logback\logback-core\1.4.11\logback-core-1.4.11.jar;C:\Users\dell\.m2\repository\org\apache\logging\log4j\log4j-to-slf4j\2.20.0\log4j-to-slf4j-2.20.0.jar;C:\Users\dell\.m2\repository\org\apache\logging\log4j\log4j-api\2.20.0\log4j-api-2.20.0.jar;C:\Users\dell\.m2\repository\org\slf4j\jul-to-slf4j\2.0.9\jul-to-slf4j-2.0.9.jar;C:\Users\dell\.m2\repository\org\yaml\snakeyaml\1.33\snakeyaml-1.33.jar;C:\Users\dell\.m2\repository\org\springframework\boot\spring-boot-starter-json\3.1.5\spring-boot-starter-json-3.1.5.jar;C:\Users\dell\.m2\repository\com\fasterxml\jackson\core\jackson-databind\2.15.3\jackson-databind-2.15.3.jar;C:\Users\dell\.m2\repository\com\fasterxml\jackson\core\jackson-annotations\2.15.3\jackson-annotations-2.15.3.jar;C:\Users\dell\.m2\repository\com\fasterxml\jackson\core\jackson-core\2.15.3\jackson-core-2.15.3.jar;C:\Users\dell\.m2\repository\com\fasterxml\jackson\datatype\jackson-datatype-jdk8\2.15.3\jackson-datatype-jdk8-2.15.3.jar;C:\Users\dell\.m2\repository\com\fasterxml\jackson\datatype\jackson-datatype-jsr310\2.15.3\jackson-datatype-jsr310-2.15.3.jar;C:\Users\dell\.m2\repository\com\fasterxml\jackson\module\jackson-module-parameter-names\2.15.3\jackson-module-parameter-names-2.15.3.jar;C:\Users\dell\.m2\repository\org\springframework\boot\spring-boot-starter-tomcat\3.1.5\spring-boot-starter-tomcat-3.1.5.jar;C:\Users\dell\.m2\repository\org\apache\tomcat\embed\tomcat-embed-core\10.1.15\tomcat-embed-core-10.1.15.jar;C:\Users\dell\.m2\repository\org\apache\tomcat\embed\tomcat-embed-el\10.1.15\tomcat-embed-el-10.1.15.jar;C:\Users\dell\.m2\repository\org\apache\tomcat\embed\tomcat-embed-websocket\10.1.15\tomcat-embed-websocket-10.1.15.jar;C:\Users\dell\.m2\repository\org\springframework\spring-web\6.0.13\spring-web-6.0.13.jar;C:\Users\dell\.m2\repository\io\micrometer\micrometer-observation\1.11.5\micrometer-observation-1.11.5.jar;C:\Users\dell\.m2\repository\io\micrometer\micrometer-commons\1.11.5\micrometer-commons-1.11.5.jar;C:\Users\dell\.m2\repository\org\springframework\spring-webmvc\6.0.13\spring-webmvc-6.0.13.jar;C:\Users\dell\.m2\repository\org\springframework\spring-expression\6.0.13\spring-expression-6.0.13.jar;C:\Users\dell\.m2\repository\org\springframework\boot\spring-boot-devtools\3.1.5\spring-boot-devtools-3.1.5.jar;C:\Users\dell\.m2\repository\org\springframework\boot\spring-boot\3.1.5\spring-boot-3.1.5.jar;C:\Users\dell\.m2\repository\org\springframework\boot\spring-boot-autoconfigure\3.1.5\spring-boot-autoconfigure-3.1.5.jar;C:\Users\dell\.m2\repository\org\projectlombok\lombok\1.18.30\lombok-1.18.30.jar;C:\Users\dell\.m2\repository\jakarta\xml\bind\jakarta.xml.bind-api\4.0.1\jakarta.xml.bind-api-4.0.1.jar;C:\Users\dell\.m2\repository\jakarta\activation\jakarta.activation-api\2.1.2\jakarta.activation-api-2.1.2.jar;C:\Users\dell\.m2\repository\org\springframework\spring-core\6.0.13\spring-core-6.0.13.jar;C:\Users\dell\.m2\repository\org\springframework\spring-jcl\6.0.13\spring-jcl-6.0.13.jar;C:\Users\dell\.m2\repository\com\h2database\h2\2.1.214\h2-2.1.214.jar;C:\Users\dell\.m2\repository\mysql\mysql-connector-java\8.0.26\mysql-connector-java-8.0.26.jar;C:\Users\dell\.m2\repository\com\google\protobuf\protobuf-java\3.11.4\protobuf-java-3.11.4.jar
Launcher Type: SUN_STANDARD

[Global flags]
     intx CICompilerCount                          = 4                                         {product} {ergonomic}
     uint ConcGCThreads                            = 3                                         {product} {ergonomic}
     uint G1ConcRefinementThreads                  = 10                                        {product} {ergonomic}
   size_t G1HeapRegionSize                         = 1048576                                   {product} {ergonomic}
    uintx GCDrainStackTargetSize                   = 64                                        {product} {ergonomic}
   size_t InitialHeapSize                          = 132120576                                 {product} {ergonomic}
     bool ManagementServer                         = true                                      {product} {command line}
   size_t MarkStackSize                            = 4194304                                   {product} {ergonomic}
   size_t MaxHeapSize                              = 2088763392                                {product} {ergonomic}
   size_t MaxNewSize                               = 1253048320                                {product} {ergonomic}
   size_t MinHeapDeltaBytes                        = 1048576                                   {product} {ergonomic}
   size_t MinHeapSize                              = 8388608                                   {product} {ergonomic}
    uintx NonProfiledCodeHeapSize                  = 0                                      {pd product} {ergonomic}
     bool ProfileInterpreter                       = false                                  {pd product} {command line}
    uintx ProfiledCodeHeapSize                     = 0                                      {pd product} {ergonomic}
     bool ShowCodeDetailsInExceptionMessages       = true                                   {manageable} {command line}
   size_t SoftMaxHeapSize                          = 2088763392                             {manageable} {ergonomic}
     intx TieredStopAtLevel                        = 1                                         {product} {command line}
     bool UseCompressedClassPointers               = true                           {product lp64_product} {ergonomic}
     bool UseCompressedOops                        = true                           {product lp64_product} {ergonomic}
     bool UseG1GC                                  = true                                      {product} {ergonomic}
     bool UseLargePagesIndividualAllocation        = false                                  {pd product} {ergonomic}

Logging:
Log output configuration:
 #0: stdout all=warning uptime,level,tags foldmultilines=false
 #1: stderr all=off uptime,level,tags foldmultilines=false

Environment Variables:
JAVA_HOME=C:\Program Files\Java\jdk-17
PATH=D:/FCIS/Java/Tools/sts-4.20.0.RELEASE//plugins/org.eclipse.justj.openjdk.hotspot.jre.full.win32.x86_64_17.0.8.v20230831-1047/jre/bin/server;D:/FCIS/Java/Tools/sts-4.20.0.RELEASE//plugins/org.eclipse.justj.openjdk.hotspot.jre.full.win32.x86_64_17.0.8.v20230831-1047/jre/bin;C:\Program Files (x86)\Common Files\Oracle\Java\javapath;C:\Program Files\Common Files\Oracle\Java\javapath;C:\Python311\Scripts\;C:\Python311\;C:\Program Files\Microsoft MPI\Bin\;"C:\Windows\system32;C:\Users\dell\anaconda3;C:\Users\dell\anaconda3\Scripts";C:\Windows;C:\Windows\System32\Wbem;C:\Windows\System32\WindowsPowerShell\v1.0\;C:\Windows\System32\OpenSSH\;C:\WINDOWS\system32;C:\WINDOWS;C:\WINDOWS\System32\Wbem;C:\WINDOWS\System32\WindowsPowerShell\v1.0\;C:\WINDOWS\System32\OpenSSH\;C:\Program Files\Git\cmd;C:\Program Files\Microsoft SQL Server\150\Tools\Binn\;C:\Program Files\Microsoft SQL Server\Client SDK\ODBC\170\Tools\Binn\;C:\Program Files\dotnet\;C:\Program Files (x86)\NVIDIA Corporation\PhysX\Common;C:\Program Files\NVIDIA Corporation\NVIDIA NvDLISR;C:\ProgramData\chocolatey\bin;D:\FCIS\Node\;D:\FCIS\Java\Tools\apache-maven-3.9.5\bin;D:\FCIS\Java\Tools\apache-maven-3.9.5\bin;C:\Program Files\Java\jdk-17\bin;C:\Program Files\Java\jdk-21\bin;C:\Users\dell\anaconda3;C:\Users\dell\anaconda3\Library\mingw-w64\bin;C:\Users\dell\anaconda3\Library\usr\bin;C:\Users\dell\anaconda3\Library\bin;C:\Users\dell\anaconda3\Scripts;C:\Users\dell\AppData\Local\Microsoft\WindowsApps;;C:\Users\dell\AppData\Local\Programs\Microsoft VS Code\bin;C:\Users\dell\.dotnet\tools;C:\Users\dell\AppData\Roaming\npm;D:\FCIS\Java\Tools\sts-4.20.0.RELEASE;
USERNAME=RIQUELME
OS=Windows_NT
PROCESSOR_IDENTIFIER=Intel64 Family 6 Model 165 Stepping 2, GenuineIntel
TMP=C:\Users\dell\AppData\Local\Temp
TEMP=C:\Users\dell\AppData\Local\Temp




---------------  S Y S T E M  ---------------

OS:
 Windows 11 , 64 bit Build 22621 (10.0.22621.2428)
OS uptime: 1 days 6:37 hours

CPU: total 12 (initial active 12) (6 cores per cpu, 2 threads per core) family 6 model 165 stepping 2 microcode 0xf8, cx8, cmov, fxsr, ht, mmx, 3dnowpref, sse, sse2, sse3, ssse3, sse4.1, sse4.2, popcnt, lzcnt, tsc, tscinvbit, avx, avx2, aes, erms, clmul, bmi1, bmi2, adx, fma, vzeroupper, clflush, clflushopt, rdtscp, f16c, pku

Memory: 4k page, system-wide physical 7967M (1031M free)
TotalPageFile size 20767M (AvailPageFile size 6893M)
current process WorkingSet (physical memory assigned to process): 224M, peak: 244M
current process commit charge ("private bytes"): 275M, peak: 302M

vm_info: Java HotSpot(TM) 64-Bit Server VM (20.0.2+9-78) for windows-amd64 JRE (20.0.2+9-78), built on 2023-06-14T10:08:48Z by "mach5one" with MS VC++ 17.1 (VS2022)

END.
